#-----------------------------------------------------------
# Vivado v2017.4 (64-bit)
# SW Build 2086221 on Fri Dec 15 20:55:39 MST 2017
# IP Build 2085800 on Fri Dec 15 22:25:07 MST 2017
# Start of session at: Wed Oct  9 16:04:14 2024
# Process ID: 2584
# Current directory: D:/VerlilogCode/ComputerStructure/exp1/MultInput
# Command line: vivado.exe -gui_launcher_event rodinguilauncherevent16120 D:\VerlilogCode\ComputerStructure\exp1\MultInput\MultInput.xpr
# Log file: D:/VerlilogCode/ComputerStructure/exp1/MultInput/vivado.log
# Journal file: D:/VerlilogCode/ComputerStructure/exp1/MultInput\vivado.jou
#-----------------------------------------------------------
start_gui
open_project D:/VerlilogCode/ComputerStructure/exp1/MultInput/MultInput.xpr
Scanning sources...
Finished scanning sources
INFO: [IP_Flow 19-234] Refreshing IP repositories
INFO: [IP_Flow 19-1704] No user IP repositories specified
INFO: [IP_Flow 19-2313] Loaded Vivado IP repository 'E:/vivado/Vivado/2017.4/data/ip'.
update_compile_order -fileset sources_1
synth_design -rtl -name rtl_1
Command: synth_design -rtl -name rtl_1
Starting synth_design
Using part: xc7a35tcsg324-1
Top: Multinput
---------------------------------------------------------------------------------
Starting RTL Elaboration : Time (s): cpu = 00:00:06 ; elapsed = 00:00:04 . Memory (MB): peak = 857.734 ; gain = 59.227
---------------------------------------------------------------------------------
INFO: [Synth 8-638] synthesizing module 'Multinput' [D:/VerlilogCode/ComputerStructure/exp1/MultInput/MultInput.srcs/sources_1/new/Multinput.v:23]
INFO: [Synth 8-256] done synthesizing module 'Multinput' (1#1) [D:/VerlilogCode/ComputerStructure/exp1/MultInput/MultInput.srcs/sources_1/new/Multinput.v:23]
---------------------------------------------------------------------------------
Finished RTL Elaboration : Time (s): cpu = 00:00:06 ; elapsed = 00:00:05 . Memory (MB): peak = 910.164 ; gain = 111.656
---------------------------------------------------------------------------------

Report Check Netlist: 
+------+------------------+-------+---------+-------+------------------+
|      |Item              |Errors |Warnings |Status |Description       |
+------+------------------+-------+---------+-------+------------------+
|1     |multi_driven_nets |      0|        0|Passed |Multi driven nets |
+------+------------------+-------+---------+-------+------------------+
---------------------------------------------------------------------------------
Finished RTL Optimization Phase 1 : Time (s): cpu = 00:00:06 ; elapsed = 00:00:05 . Memory (MB): peak = 910.164 ; gain = 111.656
---------------------------------------------------------------------------------
INFO: [Device 21-403] Loading part xc7a35tcsg324-1
INFO: [Project 1-570] Preparing netlist for logic optimization

Processing XDC Constraints
Initializing timing engine
Completed Processing XDC Constraints

INFO: [Opt 31-138] Pushed 0 inverter(s) to 0 load pin(s).
INFO: [Project 1-111] Unisim Transformation Summary:
No Unisim elements were transformed.

RTL Elaboration Complete:  : Time (s): cpu = 00:00:18 ; elapsed = 00:00:12 . Memory (MB): peak = 1264.781 ; gain = 466.273
6 Infos, 0 Warnings, 0 Critical Warnings and 0 Errors encountered.
synth_design completed successfully
synth_design: Time (s): cpu = 00:00:18 ; elapsed = 00:00:12 . Memory (MB): peak = 1264.781 ; gain = 466.273
close_design
close_project
create_project encoder83 D:/VerlilogCode/ComputerStructure/exp1/encoder83 -part xc7a35tcsg324-1
INFO: [IP_Flow 19-234] Refreshing IP repositories
INFO: [IP_Flow 19-1704] No user IP repositories specified
INFO: [IP_Flow 19-2313] Loaded Vivado IP repository 'E:/vivado/Vivado/2017.4/data/ip'.
file mkdir D:/VerlilogCode/ComputerStructure/exp1/encoder83/encoder83.srcs/sources_1/new
close [ open D:/VerlilogCode/ComputerStructure/exp1/encoder83/encoder83.srcs/sources_1/new/pre_encoder83_case.v w ]
add_files D:/VerlilogCode/ComputerStructure/exp1/encoder83/encoder83.srcs/sources_1/new/pre_encoder83_case.v
update_compile_order -fileset sources_1
close [ open D:/VerlilogCode/ComputerStructure/exp1/encoder83/encoder83.srcs/sources_1/new/pre_encoder83_if.v w ]
add_files D:/VerlilogCode/ComputerStructure/exp1/encoder83/encoder83.srcs/sources_1/new/pre_encoder83_if.v
update_compile_order -fileset sources_1
close [ open D:/VerlilogCode/ComputerStructure/exp1/encoder83/encoder83.srcs/sources_1/new/encoder83_assign.v w ]
add_files D:/VerlilogCode/ComputerStructure/exp1/encoder83/encoder83.srcs/sources_1/new/encoder83_assign.v
update_compile_order -fileset sources_1
close [ open D:/VerlilogCode/ComputerStructure/exp1/encoder83/encoder83.srcs/sources_1/new/encoder83_case.v w ]
add_files D:/VerlilogCode/ComputerStructure/exp1/encoder83/encoder83.srcs/sources_1/new/encoder83_case.v
update_compile_order -fileset sources_1
file mkdir D:/VerlilogCode/ComputerStructure/exp1/encoder83/encoder83.srcs/sim_1/new
set_property SOURCE_SET sources_1 [get_filesets sim_1]
close [ open D:/VerlilogCode/ComputerStructure/exp1/encoder83/encoder83.srcs/sim_1/new/sim_encoder83.v w ]
add_files -fileset sim_1 D:/VerlilogCode/ComputerStructure/exp1/encoder83/encoder83.srcs/sim_1/new/sim_encoder83.v
update_compile_order -fileset sim_1
set_property top sim_encoder83 [get_filesets sim_1]
set_property top_lib xil_defaultlib [get_filesets sim_1]
update_compile_order -fileset sim_1
launch_simulation
INFO: [Vivado 12-5682] Launching behavioral simulation in 'D:/VerlilogCode/ComputerStructure/exp1/encoder83/encoder83.sim/sim_1/behav/xsim'
INFO: [SIM-utils-51] Simulation object is 'sim_1'
INFO: [SIM-utils-54] Inspecting design source files for 'sim_encoder83' in fileset 'sim_1'...
INFO: [USF-XSim-97] Finding global include files...
INFO: [USF-XSim-98] Fetching design files from 'sim_1'...
INFO: [USF-XSim-2] XSim::Compile design
INFO: [USF-XSim-61] Executing 'COMPILE and ANALYZE' step in 'D:/VerlilogCode/ComputerStructure/exp1/encoder83/encoder83.sim/sim_1/behav/xsim'
"xvlog --incr --relax -prj sim_encoder83_vlog.prj"
INFO: [VRFC 10-2263] Analyzing Verilog file "D:/VerlilogCode/ComputerStructure/exp1/encoder83/encoder83.srcs/sources_1/new/encoder83_assign.v" into library xil_defaultlib
INFO: [VRFC 10-311] analyzing module encoder83_assign
INFO: [VRFC 10-2263] Analyzing Verilog file "D:/VerlilogCode/ComputerStructure/exp1/encoder83/encoder83.srcs/sources_1/new/encoder83_case.v" into library xil_defaultlib
INFO: [VRFC 10-311] analyzing module encoder83_case
INFO: [VRFC 10-2263] Analyzing Verilog file "D:/VerlilogCode/ComputerStructure/exp1/encoder83/encoder83.srcs/sources_1/new/pre_encoder83_case.v" into library xil_defaultlib
INFO: [VRFC 10-311] analyzing module pre_encoder83_case
INFO: [VRFC 10-2263] Analyzing Verilog file "D:/VerlilogCode/ComputerStructure/exp1/encoder83/encoder83.srcs/sources_1/new/pre_encoder83_if.v" into library xil_defaultlib
INFO: [VRFC 10-311] analyzing module pre_encoder83_if
INFO: [VRFC 10-2263] Analyzing Verilog file "D:/VerlilogCode/ComputerStructure/exp1/encoder83/encoder83.srcs/sim_1/new/sim_encoder83.v" into library xil_defaultlib
INFO: [VRFC 10-311] analyzing module sim_encoder83
INFO: [VRFC 10-2263] Analyzing Verilog file "D:/VerlilogCode/ComputerStructure/exp1/encoder83/encoder83.sim/sim_1/behav/xsim/glbl.v" into library xil_defaultlib
INFO: [VRFC 10-311] analyzing module glbl
INFO: [USF-XSim-69] 'compile' step finished in '1' seconds
INFO: [USF-XSim-3] XSim::Elaborate design
INFO: [USF-XSim-61] Executing 'ELABORATE' step in 'D:/VerlilogCode/ComputerStructure/exp1/encoder83/encoder83.sim/sim_1/behav/xsim'
Vivado Simulator 2017.4
Copyright 1986-1999, 2001-2016 Xilinx, Inc. All Rights Reserved.
Running: E:/vivado/Vivado/2017.4/bin/unwrapped/win64.o/xelab.exe -wto a9e226f63d4c41ee8bb18b9194777f31 --incr --debug typical --relax --mt 2 -L xil_defaultlib -L unisims_ver -L unimacro_ver -L secureip --snapshot sim_encoder83_behav xil_defaultlib.sim_encoder83 xil_defaultlib.glbl -log elaborate.log 
Using 2 slave threads.
Starting static elaboration
Completed static elaboration
Starting simulation data flow analysis
Completed simulation data flow analysis
Time Resolution for simulation is 1ps
Compiling module xil_defaultlib.encoder83_assign
Compiling module xil_defaultlib.encoder83_case
Compiling module xil_defaultlib.pre_encoder83_case
Compiling module xil_defaultlib.pre_encoder83_if
Compiling module xil_defaultlib.sim_encoder83
Compiling module xil_defaultlib.glbl
Built simulation snapshot sim_encoder83_behav

****** Webtalk v2017.4 (64-bit)
  **** SW Build 2086221 on Fri Dec 15 20:55:39 MST 2017
  **** IP Build 2085800 on Fri Dec 15 22:25:07 MST 2017
    ** Copyright 1986-2017 Xilinx, Inc. All Rights Reserved.

source D:/VerlilogCode/ComputerStructure/exp1/encoder83/encoder83.sim/sim_1/behav/xsim/xsim.dir/sim_encoder83_behav/webtalk/xsim_webtalk.tcl -notrace
INFO: [Common 17-206] Exiting Webtalk at Wed Oct  9 16:38:00 2024...
INFO: [USF-XSim-69] 'elaborate' step finished in '3' seconds
INFO: [USF-XSim-4] XSim::Simulate design
INFO: [USF-XSim-61] Executing 'SIMULATE' step in 'D:/VerlilogCode/ComputerStructure/exp1/encoder83/encoder83.sim/sim_1/behav/xsim'
INFO: [USF-XSim-98] *** Running xsim
   with args "sim_encoder83_behav -key {Behavioral:sim_1:Functional:sim_encoder83} -tclbatch {sim_encoder83.tcl} -log {simulate.log}"
INFO: [USF-XSim-8] Loading simulator feature
Vivado Simulator 2017.4
Time resolution is 1 ps
source sim_encoder83.tcl
# set curr_wave [current_wave_config]
# if { [string length $curr_wave] == 0 } {
#   if { [llength [get_objects]] > 0} {
#     add_wave /
#     set_property needs_save false [current_wave_config]
#   } else {
#      send_msg_id Add_Wave-1 WARNING "No top level signals found. Simulator will start without a wave window. If you want to open a wave window go to 'File->New Waveform Configuration' or type 'create_wave_config' in the TCL console."
#   }
# }
# run 1000ns
INFO: [USF-XSim-96] XSim completed. Design snapshot 'sim_encoder83_behav' loaded.
INFO: [USF-XSim-97] XSim simulation ran for 1000ns
launch_simulation: Time (s): cpu = 00:00:02 ; elapsed = 00:00:06 . Memory (MB): peak = 1268.766 ; gain = 0.000
close_sim
INFO: [Simtcl 6-16] Simulation closed
launch_simulation
INFO: [Vivado 12-5682] Launching behavioral simulation in 'D:/VerlilogCode/ComputerStructure/exp1/encoder83/encoder83.sim/sim_1/behav/xsim'
INFO: [SIM-utils-51] Simulation object is 'sim_1'
INFO: [SIM-utils-54] Inspecting design source files for 'sim_encoder83' in fileset 'sim_1'...
INFO: [USF-XSim-97] Finding global include files...
INFO: [USF-XSim-98] Fetching design files from 'sim_1'...
INFO: [USF-XSim-2] XSim::Compile design
INFO: [USF-XSim-61] Executing 'COMPILE and ANALYZE' step in 'D:/VerlilogCode/ComputerStructure/exp1/encoder83/encoder83.sim/sim_1/behav/xsim'
"xvlog --incr --relax -prj sim_encoder83_vlog.prj"
INFO: [VRFC 10-2263] Analyzing Verilog file "D:/VerlilogCode/ComputerStructure/exp1/encoder83/encoder83.srcs/sources_1/new/encoder83_assign.v" into library xil_defaultlib
INFO: [VRFC 10-311] analyzing module encoder83_assign
INFO: [VRFC 10-2263] Analyzing Verilog file "D:/VerlilogCode/ComputerStructure/exp1/encoder83/encoder83.srcs/sources_1/new/encoder83_case.v" into library xil_defaultlib
INFO: [VRFC 10-311] analyzing module encoder83_case
INFO: [VRFC 10-2263] Analyzing Verilog file "D:/VerlilogCode/ComputerStructure/exp1/encoder83/encoder83.srcs/sources_1/new/pre_encoder83_case.v" into library xil_defaultlib
INFO: [VRFC 10-311] analyzing module pre_encoder83_case
INFO: [VRFC 10-2263] Analyzing Verilog file "D:/VerlilogCode/ComputerStructure/exp1/encoder83/encoder83.srcs/sources_1/new/pre_encoder83_if.v" into library xil_defaultlib
INFO: [VRFC 10-311] analyzing module pre_encoder83_if
INFO: [VRFC 10-2263] Analyzing Verilog file "D:/VerlilogCode/ComputerStructure/exp1/encoder83/encoder83.srcs/sim_1/new/sim_encoder83.v" into library xil_defaultlib
INFO: [VRFC 10-311] analyzing module sim_encoder83
INFO: [USF-XSim-69] 'compile' step finished in '1' seconds
INFO: [USF-XSim-3] XSim::Elaborate design
INFO: [USF-XSim-61] Executing 'ELABORATE' step in 'D:/VerlilogCode/ComputerStructure/exp1/encoder83/encoder83.sim/sim_1/behav/xsim'
Vivado Simulator 2017.4
Copyright 1986-1999, 2001-2016 Xilinx, Inc. All Rights Reserved.
Running: E:/vivado/Vivado/2017.4/bin/unwrapped/win64.o/xelab.exe -wto a9e226f63d4c41ee8bb18b9194777f31 --incr --debug typical --relax --mt 2 -L xil_defaultlib -L unisims_ver -L unimacro_ver -L secureip --snapshot sim_encoder83_behav xil_defaultlib.sim_encoder83 xil_defaultlib.glbl -log elaborate.log 
Using 2 slave threads.
Starting static elaboration
Completed static elaboration
Starting simulation data flow analysis
Completed simulation data flow analysis
Time Resolution for simulation is 1ps
Compiling module xil_defaultlib.encoder83_assign
Compiling module xil_defaultlib.encoder83_case
Compiling module xil_defaultlib.pre_encoder83_case
Compiling module xil_defaultlib.pre_encoder83_if
Compiling module xil_defaultlib.sim_encoder83
Compiling module xil_defaultlib.glbl
Built simulation snapshot sim_encoder83_behav
INFO: [USF-XSim-69] 'elaborate' step finished in '2' seconds
INFO: [USF-XSim-4] XSim::Simulate design
INFO: [USF-XSim-61] Executing 'SIMULATE' step in 'D:/VerlilogCode/ComputerStructure/exp1/encoder83/encoder83.sim/sim_1/behav/xsim'
INFO: [USF-XSim-98] *** Running xsim
   with args "sim_encoder83_behav -key {Behavioral:sim_1:Functional:sim_encoder83} -tclbatch {sim_encoder83.tcl} -log {simulate.log}"
INFO: [USF-XSim-8] Loading simulator feature
Vivado Simulator 2017.4
Time resolution is 1 ps
source sim_encoder83.tcl
# set curr_wave [current_wave_config]
# if { [string length $curr_wave] == 0 } {
#   if { [llength [get_objects]] > 0} {
#     add_wave /
#     set_property needs_save false [current_wave_config]
#   } else {
#      send_msg_id Add_Wave-1 WARNING "No top level signals found. Simulator will start without a wave window. If you want to open a wave window go to 'File->New Waveform Configuration' or type 'create_wave_config' in the TCL console."
#   }
# }
# run 1000ns
INFO: [USF-XSim-96] XSim completed. Design snapshot 'sim_encoder83_behav' loaded.
INFO: [USF-XSim-97] XSim simulation ran for 1000ns
close_sim
INFO: [Simtcl 6-16] Simulation closed
close_project
create_project decoder38 D:/VerlilogCode/ComputerStructure/exp1/decoder38 -part xc7a15tcsg324-1
INFO: [IP_Flow 19-234] Refreshing IP repositories
INFO: [IP_Flow 19-1704] No user IP repositories specified
INFO: [IP_Flow 19-2313] Loaded Vivado IP repository 'E:/vivado/Vivado/2017.4/data/ip'.
file mkdir D:/VerlilogCode/ComputerStructure/exp1/decoder38/decoder38.srcs/sources_1/new
close [ open D:/VerlilogCode/ComputerStructure/exp1/decoder38/decoder38.srcs/sources_1/new/decoder38.v w ]
add_files D:/VerlilogCode/ComputerStructure/exp1/decoder38/decoder38.srcs/sources_1/new/decoder38.v
update_compile_order -fileset sources_1
file mkdir D:/VerlilogCode/ComputerStructure/exp1/decoder38/decoder38.srcs/sim_1/new
set_property SOURCE_SET sources_1 [get_filesets sim_1]
close [ open D:/VerlilogCode/ComputerStructure/exp1/decoder38/decoder38.srcs/sim_1/new/sim_decoder38.v w ]
add_files -fileset sim_1 D:/VerlilogCode/ComputerStructure/exp1/decoder38/decoder38.srcs/sim_1/new/sim_decoder38.v
update_compile_order -fileset sim_1
update_compile_order -fileset sim_1
launch_simulation
INFO: [Vivado 12-5682] Launching behavioral simulation in 'D:/VerlilogCode/ComputerStructure/exp1/decoder38/decoder38.sim/sim_1/behav/xsim'
INFO: [SIM-utils-51] Simulation object is 'sim_1'
INFO: [SIM-utils-54] Inspecting design source files for 'sim_decoder38' in fileset 'sim_1'...
INFO: [USF-XSim-97] Finding global include files...
INFO: [USF-XSim-98] Fetching design files from 'sim_1'...
INFO: [USF-XSim-2] XSim::Compile design
INFO: [USF-XSim-61] Executing 'COMPILE and ANALYZE' step in 'D:/VerlilogCode/ComputerStructure/exp1/decoder38/decoder38.sim/sim_1/behav/xsim'
"xvlog --incr --relax -prj sim_decoder38_vlog.prj"
INFO: [VRFC 10-2263] Analyzing Verilog file "D:/VerlilogCode/ComputerStructure/exp1/decoder38/decoder38.srcs/sources_1/new/decoder38.v" into library xil_defaultlib
INFO: [VRFC 10-311] analyzing module decoder38
INFO: [VRFC 10-2263] Analyzing Verilog file "D:/VerlilogCode/ComputerStructure/exp1/decoder38/decoder38.srcs/sim_1/new/sim_decoder38.v" into library xil_defaultlib
INFO: [VRFC 10-311] analyzing module sim_decoder38
INFO: [VRFC 10-2263] Analyzing Verilog file "D:/VerlilogCode/ComputerStructure/exp1/decoder38/decoder38.sim/sim_1/behav/xsim/glbl.v" into library xil_defaultlib
INFO: [VRFC 10-311] analyzing module glbl
INFO: [USF-XSim-69] 'compile' step finished in '2' seconds
INFO: [USF-XSim-3] XSim::Elaborate design
INFO: [USF-XSim-61] Executing 'ELABORATE' step in 'D:/VerlilogCode/ComputerStructure/exp1/decoder38/decoder38.sim/sim_1/behav/xsim'
Vivado Simulator 2017.4
Copyright 1986-1999, 2001-2016 Xilinx, Inc. All Rights Reserved.
Running: E:/vivado/Vivado/2017.4/bin/unwrapped/win64.o/xelab.exe -wto 3b6b6aa6c95e4f99b5f4eb8ea6ab89bb --incr --debug typical --relax --mt 2 -L xil_defaultlib -L unisims_ver -L unimacro_ver -L secureip --snapshot sim_decoder38_behav xil_defaultlib.sim_decoder38 xil_defaultlib.glbl -log elaborate.log 
Using 2 slave threads.
Starting static elaboration
Completed static elaboration
Starting simulation data flow analysis
Completed simulation data flow analysis
Time Resolution for simulation is 1ps
Compiling module xil_defaultlib.decoder38
Compiling module xil_defaultlib.sim_decoder38
Compiling module xil_defaultlib.glbl
Built simulation snapshot sim_decoder38_behav

****** Webtalk v2017.4 (64-bit)
  **** SW Build 2086221 on Fri Dec 15 20:55:39 MST 2017
  **** IP Build 2085800 on Fri Dec 15 22:25:07 MST 2017
    ** Copyright 1986-2017 Xilinx, Inc. All Rights Reserved.

source D:/VerlilogCode/ComputerStructure/exp1/decoder38/decoder38.sim/sim_1/behav/xsim/xsim.dir/sim_decoder38_behav/webtalk/xsim_webtalk.tcl -notrace
INFO: [Common 17-206] Exiting Webtalk at Wed Oct  9 17:01:23 2024...
INFO: [USF-XSim-69] 'elaborate' step finished in '2' seconds
INFO: [USF-XSim-4] XSim::Simulate design
INFO: [USF-XSim-61] Executing 'SIMULATE' step in 'D:/VerlilogCode/ComputerStructure/exp1/decoder38/decoder38.sim/sim_1/behav/xsim'
INFO: [USF-XSim-98] *** Running xsim
   with args "sim_decoder38_behav -key {Behavioral:sim_1:Functional:sim_decoder38} -tclbatch {sim_decoder38.tcl} -log {simulate.log}"
INFO: [USF-XSim-8] Loading simulator feature
Vivado Simulator 2017.4
Time resolution is 1 ps
source sim_decoder38.tcl
# set curr_wave [current_wave_config]
# if { [string length $curr_wave] == 0 } {
#   if { [llength [get_objects]] > 0} {
#     add_wave /
#     set_property needs_save false [current_wave_config]
#   } else {
#      send_msg_id Add_Wave-1 WARNING "No top level signals found. Simulator will start without a wave window. If you want to open a wave window go to 'File->New Waveform Configuration' or type 'create_wave_config' in the TCL console."
#   }
# }
# run 1000ns
INFO: [USF-XSim-96] XSim completed. Design snapshot 'sim_decoder38_behav' loaded.
INFO: [USF-XSim-97] XSim simulation ran for 1000ns
launch_simulation: Time (s): cpu = 00:00:00 ; elapsed = 00:00:05 . Memory (MB): peak = 1268.766 ; gain = 0.000
close_sim
INFO: [Simtcl 6-16] Simulation closed
exit
INFO: [Common 17-206] Exiting Vivado at Wed Oct  9 17:04:30 2024...
