#-----------------------------------------------------------
# Vivado v2017.4 (64-bit)
# SW Build 2086221 on Fri Dec 15 20:55:39 MST 2017
# IP Build 2085800 on Fri Dec 15 22:25:07 MST 2017
# Start of session at: Wed Nov  6 16:54:26 2024
# Process ID: 2764
# Current directory: D:/VerlilogCode/ComputerStructure/exp3/ALU
# Command line: vivado.exe -gui_launcher_event rodinguilauncherevent1600 D:\VerlilogCode\ComputerStructure\exp3\ALU\ALU.xpr
# Log file: D:/VerlilogCode/ComputerStructure/exp3/ALU/vivado.log
# Journal file: D:/VerlilogCode/ComputerStructure/exp3/ALU\vivado.jou
#-----------------------------------------------------------
start_gui
open_project D:/VerlilogCode/ComputerStructure/exp3/ALU/ALU.xpr
Scanning sources...
Finished scanning sources
INFO: [IP_Flow 19-234] Refreshing IP repositories
INFO: [IP_Flow 19-1704] No user IP repositories specified
INFO: [IP_Flow 19-2313] Loaded Vivado IP repository 'E:/vivado/Vivado/2017.4/data/ip'.
update_compile_order -fileset sources_1
exit
INFO: [Common 17-206] Exiting Vivado at Wed Nov  6 18:14:42 2024...
