#-----------------------------------------------------------
# Vivado v2017.4 (64-bit)
# SW Build 2086221 on Fri Dec 15 20:55:39 MST 2017
# IP Build 2085800 on Fri Dec 15 22:25:07 MST 2017
# Start of session at: Fri Oct 18 11:32:04 2024
# Process ID: 5840
# Current directory: D:/VerlilogCode/ComputerStructure/exp1/mux41
# Command line: vivado.exe -gui_launcher_event rodinguilauncherevent6328 D:\VerlilogCode\ComputerStructure\exp1\mux41\mux41.xpr
# Log file: D:/VerlilogCode/ComputerStructure/exp1/mux41/vivado.log
# Journal file: D:/VerlilogCode/ComputerStructure/exp1/mux41\vivado.jou
#-----------------------------------------------------------
start_gui
open_project D:/VerlilogCode/ComputerStructure/exp1/mux41/mux41.xpr
Scanning sources...
Finished scanning sources
INFO: [IP_Flow 19-234] Refreshing IP repositories
INFO: [IP_Flow 19-1704] No user IP repositories specified
INFO: [IP_Flow 19-2313] Loaded Vivado IP repository 'E:/vivado/Vivado/2017.4/data/ip'.
update_compile_order -fileset sources_1
exit
INFO: [Common 17-206] Exiting Vivado at Fri Oct 18 11:32:20 2024...
